<?xml version="1.0" encoding="UTF-8"?>
<!-- Generated by org.testng.reporters.JUnitReportReporter -->
<testsuite hostname="DESKTOP-FNQHEA4" failures="0" tests="1" name="tests.UserRegistrationTest" time="6.474" errors="0" timestamp="2023-08-03T13:55:40 EET" skipped="0">
  <testcase classname="tests.UserRegistrationTest" name="UserCanRegisterSuccessfully" time="6.474"/>
</testsuite> <!-- tests.UserRegistrationTest -->
